2025-06-08 16:26:41,398 Worker rq:worker:0792a13d11f44a9e88de3aa0fdee3a0c started with PID 3291, version 1.15.1
2025-06-08 16:26:41,398 Subscribing to channel rq:pubsub:0792a13d11f44a9e88de3aa0fdee3a0c
2025-06-08 16:26:41,399 *** Listening on home-harsh-Documents-todo-bench:short, home-harsh-Documents-todo-bench:default, home-harsh-Documents-todo-bench:long...
2025-06-08 16:26:41,400 Cleaning registries for queue: home-harsh-Documents-todo-bench:short
2025-06-08 16:26:41,401 Cleaning registries for queue: home-harsh-Documents-todo-bench:default
2025-06-08 16:26:41,402 Cleaning registries for queue: home-harsh-Documents-todo-bench:long
2025-06-08 16:27:53,521 home-harsh-Documents-todo-bench:default: frappe.utils.background_jobs.execute_job(event=None, is_async=True, job_name='frappe.core.doctype.user.user.create_contact', kwargs={'user': <User: saptarshibanerjee79@gmail.com>, 'ignore_mandatory': True}, method='frappe.core.doctype.user.user.create_contact', site='todo.local', user='Administrator') (todo.local::75ffbc78-6b96-4c95-90bb-fb4a98cad830)
2025-06-08 16:27:55,293 home-harsh-Documents-todo-bench:default: Job OK (todo.local::75ffbc78-6b96-4c95-90bb-fb4a98cad830)
2025-06-08 16:27:55,293 Result is kept for 600 seconds
2025-06-08 16:27:55,300 home-harsh-Documents-todo-bench:default: frappe.utils.background_jobs.execute_job(event=None, is_async=True, job_name='frappe.core.doctype.user.user.update_gravatar', kwargs={'name': 'saptarshibanerjee79@gmail.com'}, method='frappe.core.doctype.user.user.update_gravatar', site='todo.local', user='Administrator') (todo.local::4f7487d4-aea4-4a04-a4b2-08ac0b1bbe42)
2025-06-08 16:27:55,732 home-harsh-Documents-todo-bench:default: Job OK (todo.local::4f7487d4-aea4-4a04-a4b2-08ac0b1bbe42)
2025-06-08 16:27:55,732 Result is kept for 600 seconds
2025-06-08 16:28:42,191 home-harsh-Documents-todo-bench:default: frappe.utils.background_jobs.execute_job(event=None, is_async=True, job_name='frappe.core.doctype.scheduled_job_type.scheduled_job_type.run_scheduled_jo..., kwargs={'job_type': 'frappe.integrations.doctype.google_calendar.google_calendar.s..., method='frappe.core.doctype.scheduled_job_type.scheduled_job_type.run_scheduled_jo..., site='todo.local', user='Administrator') (todo.local::scheduled_job::frappe.integrations.doctype.google_calendar.google_calendar.sync)
2025-06-08 16:28:42,700 home-harsh-Documents-todo-bench:default: Job OK (todo.local::scheduled_job::frappe.integrations.doctype.google_calendar.google_calendar.sync)
2025-06-08 16:28:42,700 Result is kept for 600 seconds
2025-06-08 16:28:42,706 home-harsh-Documents-todo-bench:default: frappe.utils.background_jobs.execute_job(event=None, is_async=True, job_name='frappe.core.doctype.scheduled_job_type.scheduled_job_type.run_scheduled_jo..., kwargs={'job_type': 'frappe.monitor.flush'}, method='frappe.core.doctype.scheduled_job_type.scheduled_job_type.run_scheduled_jo..., site='todo.local', user='Administrator') (todo.local::scheduled_job::frappe.monitor.flush)
2025-06-08 16:28:43,039 home-harsh-Documents-todo-bench:default: Job OK (todo.local::scheduled_job::frappe.monitor.flush)
2025-06-08 16:28:43,039 Result is kept for 600 seconds
2025-06-08 16:28:43,046 home-harsh-Documents-todo-bench:default: frappe.utils.background_jobs.execute_job(event=None, is_async=True, job_name='frappe.core.doctype.scheduled_job_type.scheduled_job_type.run_scheduled_jo..., kwargs={'job_type': 'frappe.email.queue.flush'}, method='frappe.core.doctype.scheduled_job_type.scheduled_job_type.run_scheduled_jo..., site='todo.local', user='Administrator') (todo.local::scheduled_job::frappe.email.queue.flush)
2025-06-08 16:28:43,461 home-harsh-Documents-todo-bench:default: Job OK (todo.local::scheduled_job::frappe.email.queue.flush)
2025-06-08 16:28:43,462 Result is kept for 600 seconds
2025-06-08 16:30:42,338 home-harsh-Documents-todo-bench:default: frappe.utils.background_jobs.execute_job(event=None, is_async=True, job_name='frappe.core.doctype.scheduled_job_type.scheduled_job_type.run_scheduled_jo..., kwargs={'job_type': 'frappe.email.doctype.email_account.email_account.pull'}, method='frappe.core.doctype.scheduled_job_type.scheduled_job_type.run_scheduled_jo..., site='todo.local', user='Administrator') (todo.local::scheduled_job::frappe.email.doctype.email_account.email_account.pull)
2025-06-08 16:30:42,740 home-harsh-Documents-todo-bench:default: Job OK (todo.local::scheduled_job::frappe.email.doctype.email_account.email_account.pull)
2025-06-08 16:30:42,741 Result is kept for 600 seconds
2025-06-08 16:30:42,745 home-harsh-Documents-todo-bench:default: frappe.utils.background_jobs.execute_job(event=None, is_async=True, job_name='frappe.core.doctype.scheduled_job_type.scheduled_job_type.run_scheduled_jo..., kwargs={'job_type': 'frappe.automation.doctype.reminder.reminder.send_reminders'}, method='frappe.core.doctype.scheduled_job_type.scheduled_job_type.run_scheduled_jo..., site='todo.local', user='Administrator') (todo.local::scheduled_job::frappe.automation.doctype.reminder.reminder.send_reminders)
2025-06-08 16:30:43,132 home-harsh-Documents-todo-bench:default: Job OK (todo.local::scheduled_job::frappe.automation.doctype.reminder.reminder.send_reminders)
2025-06-08 16:30:43,132 Result is kept for 600 seconds
2025-06-08 16:30:43,137 home-harsh-Documents-todo-bench:default: frappe.utils.background_jobs.execute_job(event=None, is_async=True, job_name='frappe.core.doctype.scheduled_job_type.scheduled_job_type.run_scheduled_jo..., kwargs={'job_type': 'frappe.utils.global_search.sync_global_search'}, method='frappe.core.doctype.scheduled_job_type.scheduled_job_type.run_scheduled_jo..., site='todo.local', user='Administrator') (todo.local::scheduled_job::frappe.utils.global_search.sync_global_search)
2025-06-08 16:30:43,490 home-harsh-Documents-todo-bench:default: Job OK (todo.local::scheduled_job::frappe.utils.global_search.sync_global_search)
2025-06-08 16:30:43,490 Result is kept for 600 seconds
2025-06-08 16:30:43,497 home-harsh-Documents-todo-bench:default: frappe.utils.background_jobs.execute_job(event=None, is_async=True, job_name='frappe.core.doctype.scheduled_job_type.scheduled_job_type.run_scheduled_jo..., kwargs={'job_type': 'frappe.email.doctype.email_account.email_account.notify_unrep..., method='frappe.core.doctype.scheduled_job_type.scheduled_job_type.run_scheduled_jo..., site='todo.local', user='Administrator') (todo.local::scheduled_job::frappe.email.doctype.email_account.email_account.notify_unreplied)
2025-06-08 16:30:43,859 home-harsh-Documents-todo-bench:default: Job OK (todo.local::scheduled_job::frappe.email.doctype.email_account.email_account.notify_unreplied)
2025-06-08 16:30:43,859 Result is kept for 600 seconds
2025-06-08 16:30:43,864 home-harsh-Documents-todo-bench:default: frappe.utils.background_jobs.execute_job(event=None, is_async=True, job_name='frappe.core.doctype.scheduled_job_type.scheduled_job_type.run_scheduled_jo..., kwargs={'job_type': 'frappe.deferred_insert.save_to_db'}, method='frappe.core.doctype.scheduled_job_type.scheduled_job_type.run_scheduled_jo..., site='todo.local', user='Administrator') (todo.local::scheduled_job::frappe.deferred_insert.save_to_db)
2025-06-08 16:30:44,240 home-harsh-Documents-todo-bench:default: Job OK (todo.local::scheduled_job::frappe.deferred_insert.save_to_db)
2025-06-08 16:30:44,240 Result is kept for 600 seconds
2025-06-08 16:30:44,247 home-harsh-Documents-todo-bench:default: frappe.utils.background_jobs.execute_job(event=None, is_async=True, job_name='frappe.core.doctype.scheduled_job_type.scheduled_job_type.run_scheduled_jo..., kwargs={'job_type': 'frappe.model.utils.link_count.update_link_count'}, method='frappe.core.doctype.scheduled_job_type.scheduled_job_type.run_scheduled_jo..., site='todo.local', user='Administrator') (todo.local::scheduled_job::frappe.model.utils.link_count.update_link_count)
2025-06-08 16:30:44,607 home-harsh-Documents-todo-bench:default: Job OK (todo.local::scheduled_job::frappe.model.utils.link_count.update_link_count)
2025-06-08 16:30:44,607 Result is kept for 600 seconds
2025-06-08 16:32:42,525 home-harsh-Documents-todo-bench:default: frappe.utils.background_jobs.execute_job(event=None, is_async=True, job_name='frappe.core.doctype.scheduled_job_type.scheduled_job_type.run_scheduled_jo..., kwargs={'job_type': 'frappe.integrations.doctype.google_calendar.google_calendar.s..., method='frappe.core.doctype.scheduled_job_type.scheduled_job_type.run_scheduled_jo..., site='todo.local', user='Administrator') (todo.local::scheduled_job::frappe.integrations.doctype.google_calendar.google_calendar.sync)
2025-06-08 16:32:43,019 home-harsh-Documents-todo-bench:default: Job OK (todo.local::scheduled_job::frappe.integrations.doctype.google_calendar.google_calendar.sync)
2025-06-08 16:32:43,019 Result is kept for 600 seconds
2025-06-08 16:32:43,025 home-harsh-Documents-todo-bench:default: frappe.utils.background_jobs.execute_job(event=None, is_async=True, job_name='frappe.core.doctype.scheduled_job_type.scheduled_job_type.run_scheduled_jo..., kwargs={'job_type': 'frappe.monitor.flush'}, method='frappe.core.doctype.scheduled_job_type.scheduled_job_type.run_scheduled_jo..., site='todo.local', user='Administrator') (todo.local::scheduled_job::frappe.monitor.flush)
2025-06-08 16:32:43,348 home-harsh-Documents-todo-bench:default: Job OK (todo.local::scheduled_job::frappe.monitor.flush)
2025-06-08 16:32:43,348 Result is kept for 600 seconds
2025-06-08 16:32:43,353 home-harsh-Documents-todo-bench:default: frappe.utils.background_jobs.execute_job(event=None, is_async=True, job_name='frappe.core.doctype.scheduled_job_type.scheduled_job_type.run_scheduled_jo..., kwargs={'job_type': 'frappe.email.queue.flush'}, method='frappe.core.doctype.scheduled_job_type.scheduled_job_type.run_scheduled_jo..., site='todo.local', user='Administrator') (todo.local::scheduled_job::frappe.email.queue.flush)
2025-06-08 16:32:43,757 home-harsh-Documents-todo-bench:default: Job OK (todo.local::scheduled_job::frappe.email.queue.flush)
2025-06-08 16:32:43,757 Result is kept for 600 seconds
2025-06-08 16:34:46,456 Worker 0792a13d11f44a9e88de3aa0fdee3a0c [PID 3291]: warm shut down requested
2025-06-08 16:34:46,458 Unsubscribing from channel rq:pubsub:0792a13d11f44a9e88de3aa0fdee3a0c
